[debug] [2023-06-04T07:35:16.046Z] ----------------------------------------------------------------------
[debug] [2023-06-04T07:35:16.052Z] Command:       C:\Program Files\nodejs\node.exe C:\Users\HP\AppData\Roaming\npm\node_modules\firebase-tools\lib\bin\firebase.js hosting:channel:deploy chukwuebukastanley
[debug] [2023-06-04T07:35:16.053Z] CLI Version:   11.8.1
[debug] [2023-06-04T07:35:16.054Z] Platform:      win32
[debug] [2023-06-04T07:35:16.054Z] Node Version:  v17.7.1
[debug] [2023-06-04T07:35:16.108Z] Time:          Sun Jun 04 2023 08:35:16 GMT+0100 (West Africa Standard Time)
[debug] [2023-06-04T07:35:16.109Z] ----------------------------------------------------------------------
[debug] 
[debug] [2023-06-04T07:35:16.169Z] >>> [apiv2][query] GET https://firebase-public.firebaseio.com/cli.json [none]
[debug] [2023-06-04T07:35:16.839Z] > command requires scopes: ["email","openid","https://www.googleapis.com/auth/cloudplatformprojects.readonly","https://www.googleapis.com/auth/firebase","https://www.googleapis.com/auth/cloud-platform"]
[debug] [2023-06-04T07:35:16.840Z] > authorizing via signed-in user (temenosglobal@gmail.com)
[debug] [2023-06-04T07:35:16.841Z] [iam] checking project skg-agency for permissions ["firebase.projects.get","firebasehosting.sites.update"]
[debug] [2023-06-04T07:35:16.843Z] > refreshing access token with scopes: []
[debug] [2023-06-04T07:35:16.845Z] >>> [apiv2][query] POST https://www.googleapis.com/oauth2/v3/token [none]
[debug] [2023-06-04T07:35:16.845Z] >>> [apiv2][body] POST https://www.googleapis.com/oauth2/v3/token [omitted]
[debug] [2023-06-04T07:35:17.511Z] <<< [apiv2][status] POST https://www.googleapis.com/oauth2/v3/token 200
[debug] [2023-06-04T07:35:17.512Z] <<< [apiv2][body] POST https://www.googleapis.com/oauth2/v3/token [omitted]
[debug] [2023-06-04T07:35:17.799Z] >>> [apiv2][query] POST https://cloudresourcemanager.googleapis.com/v1/projects/skg-agency:testIamPermissions [none]
[debug] [2023-06-04T07:35:17.800Z] >>> [apiv2][(partial)header] POST https://cloudresourcemanager.googleapis.com/v1/projects/skg-agency:testIamPermissions x-goog-quota-user=projects/skg-agency
[debug] [2023-06-04T07:35:17.801Z] >>> [apiv2][body] POST https://cloudresourcemanager.googleapis.com/v1/projects/skg-agency:testIamPermissions {"permissions":["firebase.projects.get","firebasehosting.sites.update"]}
[debug] [2023-06-04T07:35:17.817Z] <<< [apiv2][status] GET https://firebase-public.firebaseio.com/cli.json 200
[debug] [2023-06-04T07:35:17.817Z] <<< [apiv2][body] GET https://firebase-public.firebaseio.com/cli.json {"cloudBuildErrorAfter":1594252800000,"cloudBuildWarnAfter":1590019200000,"defaultNode10After":1594252800000,"minVersion":"3.0.5","node8DeploysDisabledAfter":1613390400000,"node8RuntimeDisabledAfter":1615809600000,"node8WarnAfter":1600128000000}
[debug] [2023-06-04T07:35:19.036Z] <<< [apiv2][status] POST https://cloudresourcemanager.googleapis.com/v1/projects/skg-agency:testIamPermissions 200
[debug] [2023-06-04T07:35:19.036Z] <<< [apiv2][body] POST https://cloudresourcemanager.googleapis.com/v1/projects/skg-agency:testIamPermissions {}
[debug] [2023-06-04T07:35:19.037Z] [iam] error while checking permissions, command may fail: FirebaseError: Authorization failed. This account is missing the following required permissions on project skg-agency:

  firebase.projects.get
  firebasehosting.sites.update
[debug] [2023-06-04T07:35:19.040Z] >>> [apiv2][query] GET https://firebase.googleapis.com/v1beta1/projects/skg-agency [none]
[debug] [2023-06-04T07:35:19.757Z] <<< [apiv2][status] GET https://firebase.googleapis.com/v1beta1/projects/skg-agency 403
[debug] [2023-06-04T07:35:19.758Z] <<< [apiv2][body] GET https://firebase.googleapis.com/v1beta1/projects/skg-agency {"error":{"code":403,"message":"The caller does not have permission","status":"PERMISSION_DENIED"}}
[debug] [2023-06-04T07:35:19.760Z] HTTP Error: 403, The caller does not have permission
[debug] [2023-06-04T07:35:20.278Z] FirebaseError: HTTP Error: 403, The caller does not have permission
    at responseToError (C:\Users\HP\AppData\Roaming\npm\node_modules\firebase-tools\lib\responseToError.js:49:12)
    at RetryOperation._fn (C:\Users\HP\AppData\Roaming\npm\node_modules\firebase-tools\lib\apiv2.js:288:77)
    at processTicksAndRejections (node:internal/process/task_queues:96:5)
[error] 
[error] Error: Failed to get Firebase project skg-agency. Please make sure the project exists and your account has permission to access it.
